INFO  2011-08-24 20:47:00,673 (net.sf.fhz4j.FhzParser.openPort:317) - OLD: gnu.io.rxtx.SerialPorts: null 
INFO  2011-08-24 20:47:00,676 (net.sf.fhz4j.FhzParser.openPort:320) - My: gnu.io.rxtx.SerialPorts: /dev/ttyACM0:/dev/ttyACM1:/dev/ttyACM2:/dev/ttyACM3:/dev/ttyACM4 
INFO  2011-08-24 20:47:00,739 (net.sf.fhz4j.FhzParser.openPort:323) - found port: /dev/ttyACM0 
INFO  2011-08-24 20:47:00,740 (net.sf.fhz4j.FhzParser.openPort:336) - open port /dev/ttyACM0 
INFO  2011-08-24 20:47:00,756 (net.sf.fhz4j.FhzParser.openPort:339) - port opend /dev/ttyACM0 
INFO  2011-08-24 20:47:00,757 (net.sf.fhz4j.FhzParser$StreamListener.run:353) - THREAD START false 
INFO  2011-08-24 20:47:00,858 (net.sf.fhz4j.FhzWriter.initFhz:47) - INIT 1 
DEBUG 2011-08-24 20:47:00,864 (net.sf.fhz4j.FhzParser.parse:153) - Discarted: 0x3f ? 
DEBUG 2011-08-24 20:47:00,864 (net.sf.fhz4j.FhzParser.parse:153) - Discarted: 0x20   
DEBUG 2011-08-24 20:47:00,864 (net.sf.fhz4j.FhzParser.parse:153) - Discarted: 0x28 ( 
DEBUG 2011-08-24 20:47:00,865 (net.sf.fhz4j.FhzParser.parse:153) - Discarted: 0x20   
DEBUG 2011-08-24 20:47:00,865 (net.sf.fhz4j.FhzParser.parse:153) - Discarted: 0x69 i 
DEBUG 2011-08-24 20:47:00,866 (net.sf.fhz4j.FhzParser.parse:153) - Discarted: 0x73 s 
DEBUG 2011-08-24 20:47:00,866 (net.sf.fhz4j.FhzParser.parse:153) - Discarted: 0x20   
DEBUG 2011-08-24 20:47:00,867 (net.sf.fhz4j.FhzParser.parse:153) - Discarted: 0x75 u 
DEBUG 2011-08-24 20:47:00,867 (net.sf.fhz4j.FhzParser.parse:153) - Discarted: 0x6e n 
DEBUG 2011-08-24 20:47:00,867 (net.sf.fhz4j.FhzParser.parse:153) - Discarted: 0x6b k 
DEBUG 2011-08-24 20:47:00,868 (net.sf.fhz4j.FhzParser.parse:153) - Discarted: 0x6e n 
DEBUG 2011-08-24 20:47:00,868 (net.sf.fhz4j.FhzParser.parse:153) - Discarted: 0x6f o 
DEBUG 2011-08-24 20:47:00,868 (net.sf.fhz4j.FhzParser.parse:153) - Discarted: 0x77 w 
DEBUG 2011-08-24 20:47:00,869 (net.sf.fhz4j.FhzParser.parse:153) - Discarted: 0x6e n 
DEBUG 2011-08-24 20:47:00,869 (net.sf.fhz4j.FhzParser.parse:153) - Discarted: 0x29 ) 
DEBUG 2011-08-24 20:47:00,870 (net.sf.fhz4j.FhzParser.parse:153) - Discarted: 0x20   
DEBUG 2011-08-24 20:47:00,870 (net.sf.fhz4j.FhzParser.parse:153) - Discarted: 0x55 U 
DEBUG 2011-08-24 20:47:00,870 (net.sf.fhz4j.FhzParser.parse:153) - Discarted: 0x73 s 
DEBUG 2011-08-24 20:47:00,871 (net.sf.fhz4j.FhzParser.parse:153) - Discarted: 0x65 e 
DEBUG 2011-08-24 20:47:00,871 (net.sf.fhz4j.FhzParser.parse:153) - Discarted: 0x20   
DEBUG 2011-08-24 20:47:00,871 (net.sf.fhz4j.FhzParser.parse:153) - Discarted: 0x6f o 
DEBUG 2011-08-24 20:47:00,872 (net.sf.fhz4j.FhzParser.parse:153) - Discarted: 0x6e n 
DEBUG 2011-08-24 20:47:00,872 (net.sf.fhz4j.FhzParser.parse:153) - Discarted: 0x65 e 
DEBUG 2011-08-24 20:47:00,872 (net.sf.fhz4j.FhzParser.parse:153) - Discarted: 0x20   
DEBUG 2011-08-24 20:47:00,873 (net.sf.fhz4j.FhzParser.parse:153) - Discarted: 0x6f o 
DEBUG 2011-08-24 20:47:00,873 (net.sf.fhz4j.FhzParser.parse:153) - Discarted: 0x66 f 
DEBUG 2011-08-24 20:47:00,873 (net.sf.fhz4j.FhzParser.parse:153) - Discarted: 0x20   
DEBUG 2011-08-24 20:47:00,874 (net.sf.fhz4j.FhzParser.parse:153) - Discarted: 0x42 B 
DEBUG 2011-08-24 20:47:00,874 (net.sf.fhz4j.FhzParser.parse:153) - Discarted: 0x20   
DEBUG 2011-08-24 20:47:00,874 (net.sf.fhz4j.FhzParser.parse:153) - Discarted: 0x43 C 
DEBUG 2011-08-24 20:47:00,875 (net.sf.fhz4j.FhzParser.parse:153) - Discarted: 0x20   
DEBUG 2011-08-24 20:47:00,875 (net.sf.fhz4j.FhzParser.parse:153) - Discarted: 0x46 F 
DEBUG 2011-08-24 20:47:00,875 (net.sf.fhz4j.FhzParser.parse:153) - Discarted: 0x20   
DEBUG 2011-08-24 20:47:00,876 (net.sf.fhz4j.FhzParser.parse:153) - Discarted: 0x41 A 
DEBUG 2011-08-24 20:47:00,876 (net.sf.fhz4j.FhzParser.parse:153) - Discarted: 0x20   
DEBUG 2011-08-24 20:47:00,876 (net.sf.fhz4j.FhzParser.parse:153) - Discarted: 0x52 R 
DEBUG 2011-08-24 20:47:00,877 (net.sf.fhz4j.FhzParser.parse:153) - Discarted: 0x20   
WARN  2011-08-24 20:47:00,878 (net.sf.fhz4j.FhzParser.parse:161) - Collect housecode - Wrong char: 0x20   
DEBUG 2011-08-24 20:47:00,878 (net.sf.fhz4j.FhzParser.parse:153) - Discarted: 0x56 V 
DEBUG 2011-08-24 20:47:00,879 (net.sf.fhz4j.FhzParser.parse:153) - Discarted: 0x20   
DEBUG 2011-08-24 20:47:00,879 (net.sf.fhz4j.FhzParser.parse:153) - Discarted: 0x57 W 
DEBUG 2011-08-24 20:47:00,879 (net.sf.fhz4j.FhzParser.parse:153) - Discarted: 0x20   
DEBUG 2011-08-24 20:47:00,880 (net.sf.fhz4j.FhzParser.parse:153) - Discarted: 0x58 X 
DEBUG 2011-08-24 20:47:00,880 (net.sf.fhz4j.FhzParser.parse:153) - Discarted: 0x20   
DEBUG 2011-08-24 20:47:00,880 (net.sf.fhz4j.FhzParser.parse:153) - Discarted: 0x65 e 
DEBUG 2011-08-24 20:47:00,881 (net.sf.fhz4j.FhzParser.parse:153) - Discarted: 0x20   
DEBUG 2011-08-24 20:47:00,881 (net.sf.fhz4j.FhzParser.parse:153) - Discarted: 0x6c l 
DEBUG 2011-08-24 20:47:00,881 (net.sf.fhz4j.FhzParser.parse:153) - Discarted: 0x20   
DEBUG 2011-08-24 20:47:00,882 (net.sf.fhz4j.FhzParser.parse:153) - Discarted: 0x74 t 
DEBUG 2011-08-24 20:47:00,882 (net.sf.fhz4j.FhzParser.parse:153) - Discarted: 0x20   
DEBUG 2011-08-24 20:47:00,882 (net.sf.fhz4j.FhzParser.parse:153) - Discarted: 0x75 u 
DEBUG 2011-08-24 20:47:00,882 (net.sf.fhz4j.FhzParser.parse:153) - Discarted: 0x20   
DEBUG 2011-08-24 20:47:00,883 (net.sf.fhz4j.FhzParser.parse:153) - Discarted: 0x78 x 
DEBUG 2011-08-24 20:47:00,883 (net.sf.fhz4j.FhzParser.parse:153) - Discarted: 0x0d  
DEBUG 2011-08-24 20:47:00,883 (net.sf.fhz4j.FhzParser.parse:153) - Discarted: 0x0a 
 
INFO  2011-08-24 20:47:01,858 (net.sf.fhz4j.FhzWriter.initFhz:50) - INIT 2 
INFO  2011-08-24 20:47:02,860 (net.sf.fhz4j.FhzWriter.initFhz:53) - INIT Housecode 
INFO  2011-08-24 20:47:03,862 (net.sf.fhz4j.FhzWriter.initFhz:56) - INIT End 
DEBUG 2011-08-24 20:47:34,938 (net.sf.fhz4j.FhzParser.parse:267) - housecode: 9752, command: valve, description: same 0xa, value: 0,0 % signalStrength: -12 
DEBUG 2011-08-24 20:47:43,971 (net.sf.fhz4j.FhzParser.parse:267) - housecode: 5510, command: valve, description: same 0xa, value: 0,0 % signalStrength: 12 
DEBUG 2011-08-24 20:47:47,290 (net.sf.fhz4j.FhzParser.parse:267) - housecode: 7149, command: valve, description: same 0xa, value: 0,0 % signalStrength: -22 
DEBUG 2011-08-24 20:48:03,861 (net.sf.fhz4j.FhzParser.parse:267) - housecode: 0821, command: valve, description: same 0xa, value: 0,0 % signalStrength: -24 
DEBUG 2011-08-24 20:48:15,059 (net.sf.fhz4j.FhzParser.parse:267) - housecode: 6794, command: valve, description: same 0xa, value: 0,0 % signalStrength: 18 
DEBUG 2011-08-24 20:48:15,688 (net.sf.fhz4j.FhzParser.parse:267) - housecode: 6794, command: measured low, description: from FHT-B data register, value: 0,2 °C signalStrength: 17 
DEBUG 2011-08-24 20:48:16,494 (net.sf.fhz4j.FhzParser.parse:267) - housecode: 6794, command: measured high, description: from FHT-B data register, value: 25,0 °C signalStrength: 21 
DEBUG 2011-08-24 20:48:17,058 (net.sf.fhz4j.FhzParser.parse:267) - housecode: 6794, command: warnings, description: from FHT-B data register, value: 0  signalStrength: 17 
DEBUG 2011-08-24 20:48:29,121 (net.sf.fhz4j.FhzParser.parse:267) - housecode: 3339, command: valve, description: same 0xa, value: 0,0 % signalStrength: -33 
DEBUG 2011-08-24 20:48:44,850 (net.sf.fhz4j.FhzParser.parse:267) - housecode: 7784, command: valve, description: same 0xa, value: 0,0 % signalStrength: -27 
DEBUG 2011-08-24 20:49:31,928 (net.sf.fhz4j.FhzParser.parse:267) - housecode: 9752, command: valve, description: same 0xa, value: 0,0 % signalStrength: -11 
DEBUG 2011-08-24 20:49:39,973 (net.sf.fhz4j.FhzParser.parse:267) - housecode: 5510, command: valve, description: same 0xa, value: 0,0 % signalStrength: 6 
DEBUG 2011-08-24 20:50:01,362 (net.sf.fhz4j.FhzParser.parse:267) - housecode: 0821, command: valve, description: same 0xa, value: 0,0 % signalStrength: -29 
DEBUG 2011-08-24 20:50:05,838 (net.sf.fhz4j.FhzParser.parse:267) - housecode: 7149, command: warnings, description: from FHT-B data register, value: 0  signalStrength: -26 
DEBUG 2011-08-24 20:50:13,061 (net.sf.fhz4j.FhzParser.parse:267) - housecode: 6794, command: valve, description: same 0xa, value: 0,0 % signalStrength: 17 
INFO  2011-08-24 20:50:20,322 (net.sf.fhz4j.FhzParser.parse:240) - HMS DONE: H775800640261E7 HEX: 483737353830303634303236314537 
DEBUG 2011-08-24 20:50:20,323 (net.sf.fhz4j.FhzParser.parse:269) - H775800640261E7 HEX: 483737353830303634303236314537 
DEBUG 2011-08-24 20:50:27,623 (net.sf.fhz4j.FhzParser.parse:267) - housecode: 3339, command: valve, description: same 0xa, value: 0,0 % signalStrength: -26 
DEBUG 2011-08-24 20:50:41,853 (net.sf.fhz4j.FhzParser.parse:267) - housecode: 7784, command: valve, description: same 0xa, value: 0,0 % signalStrength: -24 
DEBUG 2011-08-24 20:51:28,930 (net.sf.fhz4j.FhzParser.parse:267) - housecode: 9752, command: valve, description: same 0xa, value: 0,0 % signalStrength: -9 
DEBUG 2011-08-24 20:51:35,975 (net.sf.fhz4j.FhzParser.parse:267) - housecode: 5510, command: valve, description: same 0xa, value: 0,0 % signalStrength: 3 
DEBUG 2011-08-24 20:51:38,294 (net.sf.fhz4j.FhzParser.parse:267) - housecode: 7149, command: valve, description: same 0xa, value: 0,0 % signalStrength: -38 
DEBUG 2011-08-24 20:51:58,864 (net.sf.fhz4j.FhzParser.parse:267) - housecode: 0821, command: valve, description: same 0xa, value: 0,0 % signalStrength: -21 
DEBUG 2011-08-24 20:52:11,063 (net.sf.fhz4j.FhzParser.parse:267) - housecode: 6794, command: valve, description: same 0xa, value: 0,0 % signalStrength: 22 
DEBUG 2011-08-24 20:52:26,126 (net.sf.fhz4j.FhzParser.parse:267) - housecode: 3339, command: valve, description: same 0xa, value: 0,0 % signalStrength: -24 
DEBUG 2011-08-24 20:52:38,855 (net.sf.fhz4j.FhzParser.parse:267) - housecode: 7784, command: valve, description: same 0xa, value: 0,0 % signalStrength: -24 
DEBUG 2011-08-24 20:53:25,932 (net.sf.fhz4j.FhzParser.parse:267) - housecode: 9752, command: valve, description: same 0xa, value: 0,0 % signalStrength: -7 
DEBUG 2011-08-24 20:53:26,558 (net.sf.fhz4j.FhzParser.parse:267) - housecode: 9752, command: measured low, description: from FHT-B data register, value: 0,1 °C signalStrength: -7 
DEBUG 2011-08-24 20:53:26,839 (net.sf.fhz4j.FhzParser.parse:267) - housecode: 9752, command: measured high, description: from FHT-B data register, value: 25,0 °C signalStrength: -9 
DEBUG 2011-08-24 20:53:27,393 (net.sf.fhz4j.FhzParser.parse:267) - housecode: 9752, command: warnings, description: from FHT-B data register, value: 0  signalStrength: -7 
DEBUG 2011-08-24 20:53:31,979 (net.sf.fhz4j.FhzParser.parse:267) - housecode: 5510, command: valve, description: same 0xa, value: 0,0 % signalStrength: 5 
DEBUG 2011-08-24 20:53:33,798 (net.sf.fhz4j.FhzParser.parse:267) - housecode: 7149, command: valve, description: same 0xa, value: 0,0 % signalStrength: -23 
DEBUG 2011-08-24 20:53:56,367 (net.sf.fhz4j.FhzParser.parse:267) - housecode: 0821, command: valve, description: same 0xa, value: 0,0 % signalStrength: -20 
DEBUG 2011-08-24 20:54:09,066 (net.sf.fhz4j.FhzParser.parse:267) - housecode: 6794, command: valve, description: same 0xa, value: 0,0 % signalStrength: 34 
DEBUG 2011-08-24 20:54:10,071 (net.sf.fhz4j.FhzParser.parse:267) - housecode: 0821, command: measured low, description: from FHT-B data register, value: 0,6 °C signalStrength: -19 
DEBUG 2011-08-24 20:54:10,341 (net.sf.fhz4j.FhzParser.parse:267) - housecode: 0821, command: measured high, description: from FHT-B data register, value: 25,0 °C signalStrength: -19 
DEBUG 2011-08-24 20:54:10,896 (net.sf.fhz4j.FhzParser.parse:267) - housecode: 0821, command: warnings, description: from FHT-B data register, value: 0  signalStrength: -19 
DEBUG 2011-08-24 20:54:24,628 (net.sf.fhz4j.FhzParser.parse:267) - housecode: 3339, command: valve, description: same 0xa, value: 0,0 % signalStrength: -17 
DEBUG 2011-08-24 20:54:35,857 (net.sf.fhz4j.FhzParser.parse:267) - housecode: 7784, command: valve, description: same 0xa, value: 0,0 % signalStrength: -23 
DEBUG 2011-08-24 20:55:22,934 (net.sf.fhz4j.FhzParser.parse:267) - housecode: 9752, command: valve, description: same 0xa, value: 0,0 % signalStrength: -7 
DEBUG 2011-08-24 20:55:27,979 (net.sf.fhz4j.FhzParser.parse:267) - housecode: 5510, command: valve, description: same 0xa, value: 0,0 % signalStrength: 5 
DEBUG 2011-08-24 20:55:53,867 (net.sf.fhz4j.FhzParser.parse:267) - housecode: 0821, command: valve, description: same 0xa, value: 0,0 % signalStrength: -35 
DEBUG 2011-08-24 20:56:07,067 (net.sf.fhz4j.FhzParser.parse:267) - housecode: 6794, command: valve, description: same 0xa, value: 0,0 % signalStrength: 14 
DEBUG 2011-08-24 20:56:23,201 (net.sf.fhz4j.FhzParser.parse:267) - housecode: 3339, command: valve, description: same 0xa, value: 0,0 % signalStrength: -15 
DEBUG 2011-08-24 20:56:32,859 (net.sf.fhz4j.FhzParser.parse:267) - housecode: 7784, command: valve, description: same 0xa, value: 0,0 % signalStrength: -19 
DEBUG 2011-08-24 20:57:19,935 (net.sf.fhz4j.FhzParser.parse:267) - housecode: 9752, command: valve, description: same 0xa, value: 0,0 % signalStrength: -10 
DEBUG 2011-08-24 20:57:23,982 (net.sf.fhz4j.FhzParser.parse:267) - housecode: 5510, command: valve, description: same 0xa, value: 0,0 % signalStrength: 11 
DEBUG 2011-08-24 20:57:24,868 (net.sf.fhz4j.FhzParser.parse:267) - housecode: 7149, command: valve, description: same 0xa, value: 0,0 % signalStrength: -26 
DEBUG 2011-08-24 20:57:51,371 (net.sf.fhz4j.FhzParser.parse:267) - housecode: 0821, command: valve, description: same 0xa, value: 0,0 % signalStrength: -27 
DEBUG 2011-08-24 20:58:05,070 (net.sf.fhz4j.FhzParser.parse:267) - housecode: 6794, command: valve, description: same 0xa, value: 0,0 % signalStrength: 12 
DEBUG 2011-08-24 20:58:21,633 (net.sf.fhz4j.FhzParser.parse:267) - housecode: 3339, command: valve, description: same 0xa, value: 0,0 % signalStrength: -14 
DEBUG 2011-08-24 20:58:29,862 (net.sf.fhz4j.FhzParser.parse:267) - housecode: 7784, command: valve, description: same 0xa, value: 0,0 % signalStrength: -16 
DEBUG 2011-08-24 20:59:16,937 (net.sf.fhz4j.FhzParser.parse:267) - housecode: 9752, command: valve, description: same 0xa, value: 0,0 % signalStrength: -17 
DEBUG 2011-08-24 20:59:19,983 (net.sf.fhz4j.FhzParser.parse:267) - housecode: 5510, command: valve, description: same 0xa, value: 0,0 % signalStrength: 14 
DEBUG 2011-08-24 20:59:20,914 (net.sf.fhz4j.FhzParser.parse:267) - housecode: 5510, command: measured low, description: from FHT-B data register, value: 0,3 °C signalStrength: 13 
DEBUG 2011-08-24 20:59:21,186 (net.sf.fhz4j.FhzParser.parse:267) - housecode: 5510, command: measured high, description: from FHT-B data register, value: 25,0 °C signalStrength: 13 
DEBUG 2011-08-24 20:59:21,730 (net.sf.fhz4j.FhzParser.parse:267) - housecode: 5510, command: warnings, description: from FHT-B data register, value: 0  signalStrength: 13 
DEBUG 2011-08-24 21:00:03,072 (net.sf.fhz4j.FhzParser.parse:267) - housecode: 6794, command: valve, description: same 0xa, value: 0,0 % signalStrength: 24 
DEBUG 2011-08-24 21:00:20,135 (net.sf.fhz4j.FhzParser.parse:267) - housecode: 3339, command: valve, description: same 0xa, value: 0,0 % signalStrength: -18 
DEBUG 2011-08-24 21:00:20,749 (net.sf.fhz4j.FhzParser.parse:267) - housecode: 3339, command: measured low, description: from FHT-B data register, value: 0,6 °C signalStrength: -17 
DEBUG 2011-08-24 21:00:21,018 (net.sf.fhz4j.FhzParser.parse:267) - housecode: 3339, command: measured high, description: from FHT-B data register, value: 25,0 °C signalStrength: -19 
DEBUG 2011-08-24 21:00:21,560 (net.sf.fhz4j.FhzParser.parse:267) - housecode: 3339, command: warnings, description: from FHT-B data register, value: 0  signalStrength: -18 
DEBUG 2011-08-24 21:00:26,865 (net.sf.fhz4j.FhzParser.parse:267) - housecode: 7784, command: valve, description: same 0xa, value: 0,0 % signalStrength: -19 
DEBUG 2011-08-24 21:01:13,941 (net.sf.fhz4j.FhzParser.parse:267) - housecode: 9752, command: valve, description: same 0xa, value: 0,0 % signalStrength: -20 
DEBUG 2011-08-24 21:01:15,805 (net.sf.fhz4j.FhzParser.parse:267) - housecode: 7149, command: valve, description: same 0xa, value: 0,0 % signalStrength: -20 
DEBUG 2011-08-24 21:01:15,985 (net.sf.fhz4j.FhzParser.parse:267) - housecode: 5510, command: valve, description: same 0xa, value: 0,0 % signalStrength: 14 
DEBUG 2011-08-24 21:01:46,375 (net.sf.fhz4j.FhzParser.parse:267) - housecode: 0821, command: valve, description: same 0xa, value: 0,0 % signalStrength: -25 
DEBUG 2011-08-24 21:02:01,075 (net.sf.fhz4j.FhzParser.parse:267) - housecode: 6794, command: valve, description: same 0xa, value: 0,0 % signalStrength: 5 
DEBUG 2011-08-24 21:02:05,022 (net.sf.fhz4j.FhzParser.parse:267) - housecode: 7149, command: measured low, description: from FHT-B data register, value: 1,6 °C signalStrength: -22 
DEBUG 2011-08-24 21:02:05,849 (net.sf.fhz4j.FhzParser.parse:267) - housecode: 7149, command: warnings, description: from FHT-B data register, value: 0  signalStrength: -22 
DEBUG 2011-08-24 21:02:18,638 (net.sf.fhz4j.FhzParser.parse:267) - housecode: 3339, command: valve, description: same 0xa, value: 0,0 % signalStrength: -18 
DEBUG 2011-08-24 21:02:23,868 (net.sf.fhz4j.FhzParser.parse:267) - housecode: 7784, command: valve, description: same 0xa, value: 0,0 % signalStrength: -21 
DEBUG 2011-08-24 21:03:10,943 (net.sf.fhz4j.FhzParser.parse:267) - housecode: 9752, command: valve, description: same 0xa, value: 0,0 % signalStrength: -19 
DEBUG 2011-08-24 21:03:11,307 (net.sf.fhz4j.FhzParser.parse:267) - housecode: 7149, command: valve, description: same 0xa, value: 0,0 % signalStrength: -20 
DEBUG 2011-08-24 21:03:11,987 (net.sf.fhz4j.FhzParser.parse:267) - housecode: 5510, command: valve, description: same 0xa, value: 0,0 % signalStrength: 13 
DEBUG 2011-08-24 21:03:43,878 (net.sf.fhz4j.FhzParser.parse:267) - housecode: 0821, command: valve, description: same 0xa, value: 0,0 % signalStrength: -20 
DEBUG 2011-08-24 21:03:59,077 (net.sf.fhz4j.FhzParser.parse:267) - housecode: 6794, command: valve, description: same 0xa, value: 0,0 % signalStrength: 33 
DEBUG 2011-08-24 21:04:17,139 (net.sf.fhz4j.FhzParser.parse:267) - housecode: 3339, command: valve, description: same 0xa, value: 0,0 % signalStrength: -27 
DEBUG 2011-08-24 21:04:20,871 (net.sf.fhz4j.FhzParser.parse:267) - housecode: 7784, command: valve, description: same 0xa, value: 0,0 % signalStrength: -22 
DEBUG 2011-08-24 21:05:06,881 (net.sf.fhz4j.FhzParser.parse:267) - housecode: 7149, command: valve, description: same 0xa, value: 0,0 % signalStrength: -18 
DEBUG 2011-08-24 21:05:07,989 (net.sf.fhz4j.FhzParser.parse:267) - housecode: 5510, command: valve, description: same 0xa, value: 0,0 % signalStrength: 24 
DEBUG 2011-08-24 21:05:41,379 (net.sf.fhz4j.FhzParser.parse:267) - housecode: 0821, command: valve, description: same 0xa, value: 0,0 % signalStrength: -24 
DEBUG 2011-08-24 21:05:57,081 (net.sf.fhz4j.FhzParser.parse:267) - housecode: 6794, command: valve, description: same 0xa, value: 0,0 % signalStrength: -8 
DEBUG 2011-08-24 21:06:15,642 (net.sf.fhz4j.FhzParser.parse:267) - housecode: 3339, command: valve, description: same 0xa, value: 0,0 % signalStrength: -24 
DEBUG 2011-08-24 21:06:17,874 (net.sf.fhz4j.FhzParser.parse:267) - housecode: 7784, command: valve, description: same 0xa, value: 0,0 % signalStrength: -22 
DEBUG 2011-08-24 21:07:02,312 (net.sf.fhz4j.FhzParser.parse:267) - housecode: 7149, command: valve, description: same 0xa, value: 0,0 % signalStrength: -15 
DEBUG 2011-08-24 21:07:03,992 (net.sf.fhz4j.FhzParser.parse:267) - housecode: 5510, command: valve, description: same 0xa, value: 0,0 % signalStrength: 24 
DEBUG 2011-08-24 21:07:04,949 (net.sf.fhz4j.FhzParser.parse:267) - housecode: 9752, command: valve, description: same 0xa, value: 0,0 % signalStrength: -13 
DEBUG 2011-08-24 21:07:05,575 (net.sf.fhz4j.FhzParser.parse:267) - housecode: 9752, command: measured low, description: from FHT-B data register, value: 0,1 °C signalStrength: -13 
DEBUG 2011-08-24 21:07:05,858 (net.sf.fhz4j.FhzParser.parse:267) - housecode: 9752, command: measured high, description: from FHT-B data register, value: 25,0 °C signalStrength: -13 
DEBUG 2011-08-24 21:07:06,412 (net.sf.fhz4j.FhzParser.parse:267) - housecode: 9752, command: warnings, description: from FHT-B data register, value: 0  signalStrength: -13 
DEBUG 2011-08-24 21:07:38,882 (net.sf.fhz4j.FhzParser.parse:267) - housecode: 0821, command: valve, description: same 0xa, value: 0,0 % signalStrength: -25 
DEBUG 2011-08-24 21:07:39,761 (net.sf.fhz4j.FhzParser.parse:267) - housecode: 0821, command: measured low, description: from FHT-B data register, value: 0,6 °C signalStrength: -22 
DEBUG 2011-08-24 21:07:55,082 (net.sf.fhz4j.FhzParser.parse:267) - housecode: 6794, command: valve, description: same 0xa, value: 0,0 % signalStrength: 41 
DEBUG 2011-08-24 21:08:14,145 (net.sf.fhz4j.FhzParser.parse:267) - housecode: 3339, command: valve, description: same 0xa, value: 0,0 % signalStrength: -27 
DEBUG 2011-08-24 21:08:14,876 (net.sf.fhz4j.FhzParser.parse:267) - housecode: 7784, command: valve, description: same 0xa, value: 0,0 % signalStrength: -24 
DEBUG 2011-08-24 21:08:57,817 (net.sf.fhz4j.FhzParser.parse:267) - housecode: 7149, command: valve, description: same 0xa, value: 0,0 % signalStrength: -21 
DEBUG 2011-08-24 21:08:59,994 (net.sf.fhz4j.FhzParser.parse:267) - housecode: 5510, command: valve, description: same 0xa, value: 0,0 % signalStrength: 22 
DEBUG 2011-08-24 21:09:01,950 (net.sf.fhz4j.FhzParser.parse:267) - housecode: 9752, command: valve, description: same 0xa, value: 0,0 % signalStrength: -14 
DEBUG 2011-08-24 21:09:36,383 (net.sf.fhz4j.FhzParser.parse:267) - housecode: 0821, command: valve, description: same 0xa, value: 0,0 % signalStrength: -24 
DEBUG 2011-08-24 21:09:53,085 (net.sf.fhz4j.FhzParser.parse:267) - housecode: 6794, command: valve, description: same 0xa, value: 0,0 % signalStrength: 2 
DEBUG 2011-08-24 21:10:11,878 (net.sf.fhz4j.FhzParser.parse:267) - housecode: 7784, command: valve, description: same 0xa, value: 0,0 % signalStrength: -19 
DEBUG 2011-08-24 21:10:12,647 (net.sf.fhz4j.FhzParser.parse:267) - housecode: 3339, command: valve, description: same 0xa, value: 0,0 % signalStrength: -10 
DEBUG 2011-08-24 21:10:53,321 (net.sf.fhz4j.FhzParser.parse:267) - housecode: 7149, command: valve, description: same 0xa, value: 0,0 % signalStrength: -21 
DEBUG 2011-08-24 21:10:55,996 (net.sf.fhz4j.FhzParser.parse:267) - housecode: 5510, command: valve, description: same 0xa, value: 0,0 % signalStrength: 3 
DEBUG 2011-08-24 21:10:58,952 (net.sf.fhz4j.FhzParser.parse:267) - housecode: 9752, command: valve, description: same 0xa, value: 0,0 % signalStrength: -12 
DEBUG 2011-08-24 21:11:33,885 (net.sf.fhz4j.FhzParser.parse:267) - housecode: 0821, command: valve, description: same 0xa, value: 0,0 % signalStrength: -13 
DEBUG 2011-08-24 21:11:51,087 (net.sf.fhz4j.FhzParser.parse:267) - housecode: 6794, command: valve, description: same 0xa, value: 0,0 % signalStrength: 31 
DEBUG 2011-08-24 21:12:08,881 (net.sf.fhz4j.FhzParser.parse:267) - housecode: 7784, command: valve, description: same 0xa, value: 0,0 % signalStrength: -25 
DEBUG 2011-08-24 21:12:11,220 (net.sf.fhz4j.FhzParser.parse:267) - housecode: 3339, command: valve, description: same 0xa, value: 0,0 % signalStrength: -29 
DEBUG 2011-08-24 21:12:48,821 (net.sf.fhz4j.FhzParser.parse:267) - housecode: 7149, command: valve, description: same 0xa, value: 0,0 % signalStrength: -19 
DEBUG 2011-08-24 21:12:51,999 (net.sf.fhz4j.FhzParser.parse:267) - housecode: 5510, command: valve, description: same 0xa, value: 0,0 % signalStrength: 1 
DEBUG 2011-08-24 21:12:52,625 (net.sf.fhz4j.FhzParser.parse:267) - housecode: 5510, command: measured low, description: from FHT-B data register, value: 0,2 °C signalStrength: 1 
DEBUG 2011-08-24 21:12:52,898 (net.sf.fhz4j.FhzParser.parse:267) - housecode: 5510, command: measured high, description: from FHT-B data register, value: 25,0 °C signalStrength: 0 
DEBUG 2011-08-24 21:12:53,442 (net.sf.fhz4j.FhzParser.parse:267) - housecode: 5510, command: warnings, description: from FHT-B data register, value: 0  signalStrength: 4 
DEBUG 2011-08-24 21:12:55,955 (net.sf.fhz4j.FhzParser.parse:267) - housecode: 9752, command: valve, description: same 0xa, value: 0,0 % signalStrength: -16 
DEBUG 2011-08-24 21:13:31,388 (net.sf.fhz4j.FhzParser.parse:267) - housecode: 0821, command: valve, description: same 0xa, value: 0,0 % signalStrength: -22 
DEBUG 2011-08-24 21:13:49,089 (net.sf.fhz4j.FhzParser.parse:267) - housecode: 6794, command: valve, description: same 0xa, value: 0,0 % signalStrength: 33 
DEBUG 2011-08-24 21:14:05,885 (net.sf.fhz4j.FhzParser.parse:267) - housecode: 7784, command: valve, description: same 0xa, value: 0,0 % signalStrength: -26 
DEBUG 2011-08-24 21:14:44,391 (net.sf.fhz4j.FhzParser.parse:267) - housecode: 7149, command: valve, description: same 0xa, value: 0,0 % signalStrength: -15 
DEBUG 2011-08-24 21:14:48,001 (net.sf.fhz4j.FhzParser.parse:267) - housecode: 5510, command: valve, description: same 0xa, value: 0,0 % signalStrength: 4 
DEBUG 2011-08-24 21:14:52,957 (net.sf.fhz4j.FhzParser.parse:267) - housecode: 9752, command: valve, description: same 0xa, value: 0,0 % signalStrength: -12 
DEBUG 2011-08-24 21:15:28,891 (net.sf.fhz4j.FhzParser.parse:267) - housecode: 0821, command: valve, description: same 0xa, value: 0,0 % signalStrength: -25 
DEBUG 2011-08-24 21:15:47,093 (net.sf.fhz4j.FhzParser.parse:267) - housecode: 6794, command: valve, description: same 0xa, value: 0,0 % signalStrength: 31 
DEBUG 2011-08-24 21:16:02,886 (net.sf.fhz4j.FhzParser.parse:267) - housecode: 7784, command: valve, description: same 0xa, value: 0,0 % signalStrength: -25 
DEBUG 2011-08-24 21:16:08,155 (net.sf.fhz4j.FhzParser.parse:267) - housecode: 3339, command: valve, description: same 0xa, value: 0,0 % signalStrength: -26 
DEBUG 2011-08-24 21:16:39,823 (net.sf.fhz4j.FhzParser.parse:267) - housecode: 7149, command: valve, description: same 0xa, value: 0,0 % signalStrength: -18 
DEBUG 2011-08-24 21:16:44,003 (net.sf.fhz4j.FhzParser.parse:267) - housecode: 5510, command: valve, description: same 0xa, value: 0,0 % signalStrength: 2 
DEBUG 2011-08-24 21:16:49,960 (net.sf.fhz4j.FhzParser.parse:267) - housecode: 9752, command: valve, description: same 0xa, value: 0,0 % signalStrength: -13 
DEBUG 2011-08-24 21:17:26,393 (net.sf.fhz4j.FhzParser.parse:267) - housecode: 0821, command: valve, description: same 0xa, value: 0,0 % signalStrength: -19 
DEBUG 2011-08-24 21:17:45,094 (net.sf.fhz4j.FhzParser.parse:267) - housecode: 6794, command: valve, description: same 0xa, value: 0,0 % signalStrength: 32 
DEBUG 2011-08-24 21:17:59,960 (net.sf.fhz4j.FhzParser.parse:267) - housecode: 7784, command: valve, description: same 0xa, value: 0,0 % signalStrength: -20 
DEBUG 2011-08-24 21:18:06,728 (net.sf.fhz4j.FhzParser.parse:267) - housecode: 3339, command: valve, description: same 0xa, value: 0,0 % signalStrength: -11 
DEBUG 2011-08-24 21:18:35,324 (net.sf.fhz4j.FhzParser.parse:267) - housecode: 7149, command: valve, description: same 0xa, value: 0,0 % signalStrength: -21 
DEBUG 2011-08-24 21:18:35,952 (net.sf.fhz4j.FhzParser.parse:267) - housecode: 7149, command: measured low, description: from FHT-B data register, value: 1,3 °C signalStrength: -21 
DEBUG 2011-08-24 21:18:36,779 (net.sf.fhz4j.FhzParser.parse:267) - housecode: 7149, command: warnings, description: from FHT-B data register, value: 0  signalStrength: -22 
DEBUG 2011-08-24 21:18:40,005 (net.sf.fhz4j.FhzParser.parse:267) - housecode: 5510, command: valve, description: same 0xa, value: 0,0 % signalStrength: 15 
DEBUG 2011-08-24 21:18:46,961 (net.sf.fhz4j.FhzParser.parse:267) - housecode: 9752, command: valve, description: same 0xa, value: 0,0 % signalStrength: -12 
DEBUG 2011-08-24 21:19:23,894 (net.sf.fhz4j.FhzParser.parse:267) - housecode: 0821, command: valve, description: same 0xa, value: 0,0 % signalStrength: -28 
DEBUG 2011-08-24 21:19:43,096 (net.sf.fhz4j.FhzParser.parse:267) - housecode: 6794, command: valve, description: same 0xa, value: 0,0 % signalStrength: 32 
DEBUG 2011-08-24 21:19:56,892 (net.sf.fhz4j.FhzParser.parse:267) - housecode: 7784, command: valve, description: same 0xa, value: 0,0 % signalStrength: -21 
DEBUG 2011-08-24 21:20:05,160 (net.sf.fhz4j.FhzParser.parse:267) - housecode: 3339, command: valve, description: same 0xa, value: 0,0 % signalStrength: -10 
DEBUG 2011-08-24 21:20:30,827 (net.sf.fhz4j.FhzParser.parse:267) - housecode: 7149, command: valve, description: same 0xa, value: 0,0 % signalStrength: -22 
DEBUG 2011-08-24 21:20:31,453 (net.sf.fhz4j.FhzParser.parse:267) - housecode: 7149, command: warnings, description: from FHT-B data register, value: 0  signalStrength: -21 
DEBUG 2011-08-24 21:20:31,973 (net.sf.fhz4j.FhzParser.parse:267) - housecode: 7149, command: warnings, description: from FHT-B data register, value: 0  signalStrength: -20 
DEBUG 2011-08-24 21:20:36,008 (net.sf.fhz4j.FhzParser.parse:267) - housecode: 5510, command: valve, description: same 0xa, value: 0,0 % signalStrength: 15 
DEBUG 2011-08-24 21:20:43,963 (net.sf.fhz4j.FhzParser.parse:267) - housecode: 9752, command: valve, description: same 0xa, value: 0,0 % signalStrength: -13 
DEBUG 2011-08-24 21:20:52,680 (net.sf.fhz4j.FhzParser.parse:267) - housecode: 9752, command: measured low, description: from FHT-B data register, value: 0,1 °C signalStrength: -13 
DEBUG 2011-08-24 21:20:53,516 (net.sf.fhz4j.FhzParser.parse:267) - housecode: 9752, command: warnings, description: from FHT-B data register, value: 0  signalStrength: -12 
DEBUG 2011-08-24 21:21:21,396 (net.sf.fhz4j.FhzParser.parse:267) - housecode: 0821, command: valve, description: same 0xa, value: 0,0 % signalStrength: -27 
DEBUG 2011-08-24 21:21:41,099 (net.sf.fhz4j.FhzParser.parse:267) - housecode: 6794, command: valve, description: same 0xa, value: 0,0 % signalStrength: 32 
DEBUG 2011-08-24 21:21:53,894 (net.sf.fhz4j.FhzParser.parse:267) - housecode: 7784, command: valve, description: same 0xa, value: 0,0 % signalStrength: -21 
DEBUG 2011-08-24 21:22:03,663 (net.sf.fhz4j.FhzParser.parse:267) - housecode: 3339, command: valve, description: same 0xa, value: 0,0 % signalStrength: -10 
DEBUG 2011-08-24 21:22:10,100 (net.sf.fhz4j.FhzParser.parse:267) - housecode: 0821, command: measured low, description: from FHT-B data register, value: 0,5 °C signalStrength: -24 
DEBUG 2011-08-24 21:22:10,927 (net.sf.fhz4j.FhzParser.parse:267) - housecode: 0821, command: warnings, description: from FHT-B data register, value: 0  signalStrength: -24 
DEBUG 2011-08-24 21:22:26,329 (net.sf.fhz4j.FhzParser.parse:267) - housecode: 7149, command: valve, description: same 0xa, value: 0,0 % signalStrength: -21 
DEBUG 2011-08-24 21:22:32,010 (net.sf.fhz4j.FhzParser.parse:267) - housecode: 5510, command: valve, description: same 0xa, value: 0,0 % signalStrength: 15 
DEBUG 2011-08-24 21:22:40,965 (net.sf.fhz4j.FhzParser.parse:267) - housecode: 9752, command: valve, description: same 0xa, value: 0,0 % signalStrength: -13 
DEBUG 2011-08-24 21:23:18,898 (net.sf.fhz4j.FhzParser.parse:267) - housecode: 0821, command: valve, description: same 0xa, value: 0,0 % signalStrength: -24 
DEBUG 2011-08-24 21:23:39,101 (net.sf.fhz4j.FhzParser.parse:267) - housecode: 6794, command: valve, description: same 0xa, value: 0,0 % signalStrength: 32 
DEBUG 2011-08-24 21:23:50,897 (net.sf.fhz4j.FhzParser.parse:267) - housecode: 7784, command: valve, description: same 0xa, value: 0,0 % signalStrength: -22 
DEBUG 2011-08-24 21:24:02,166 (net.sf.fhz4j.FhzParser.parse:267) - housecode: 3339, command: valve, description: same 0xa, value: 0,0 % signalStrength: -10 
DEBUG 2011-08-24 21:24:21,834 (net.sf.fhz4j.FhzParser.parse:267) - housecode: 7149, command: valve, description: same 0xa, value: 0,0 % signalStrength: -21 
DEBUG 2011-08-24 21:24:28,012 (net.sf.fhz4j.FhzParser.parse:267) - housecode: 5510, command: valve, description: same 0xa, value: 0,0 % signalStrength: 15 
DEBUG 2011-08-24 21:24:37,968 (net.sf.fhz4j.FhzParser.parse:267) - housecode: 9752, command: valve, description: same 0xa, value: 0,0 % signalStrength: -14 
DEBUG 2011-08-24 21:25:16,400 (net.sf.fhz4j.FhzParser.parse:267) - housecode: 0821, command: valve, description: same 0xa, value: 0,0 % signalStrength: -23 
DEBUG 2011-08-24 21:25:37,104 (net.sf.fhz4j.FhzParser.parse:267) - housecode: 6794, command: valve, description: same 0xa, value: 0,0 % signalStrength: 32 
DEBUG 2011-08-24 21:25:47,899 (net.sf.fhz4j.FhzParser.parse:267) - housecode: 7784, command: valve, description: same 0xa, value: 0,0 % signalStrength: -22 
DEBUG 2011-08-24 21:26:00,668 (net.sf.fhz4j.FhzParser.parse:267) - housecode: 3339, command: valve, description: same 0xa, value: 0,0 % signalStrength: -10 
DEBUG 2011-08-24 21:26:17,333 (net.sf.fhz4j.FhzParser.parse:267) - housecode: 7149, command: valve, description: same 0xa, value: 0,0 % signalStrength: -21 
DEBUG 2011-08-24 21:26:24,085 (net.sf.fhz4j.FhzParser.parse:267) - housecode: 5510, command: valve, description: same 0xa, value: 0,0 % signalStrength: 15 
DEBUG 2011-08-24 21:26:34,970 (net.sf.fhz4j.FhzParser.parse:267) - housecode: 9752, command: valve, description: same 0xa, value: 0,0 % signalStrength: -12 
DEBUG 2011-08-24 21:27:13,902 (net.sf.fhz4j.FhzParser.parse:267) - housecode: 0821, command: valve, description: same 0xa, value: 0,0 % signalStrength: -24 
DEBUG 2011-08-24 21:27:18,736 (net.sf.fhz4j.FhzParser.parse:267) - housecode: 5510, command: measured low, description: from FHT-B data register, value: 0,1 °C signalStrength: 15 
DEBUG 2011-08-24 21:27:19,009 (net.sf.fhz4j.FhzParser.parse:267) - housecode: 5510, command: measured high, description: from FHT-B data register, value: 25,0 °C signalStrength: 14 
DEBUG 2011-08-24 21:27:20,079 (net.sf.fhz4j.FhzParser.parse:267) - housecode: 5510, command: warnings, description: from FHT-B data register, value: 0  signalStrength: 14 
DEBUG 2011-08-24 21:27:35,106 (net.sf.fhz4j.FhzParser.parse:267) - housecode: 6794, command: valve, description: same 0xa, value: 0,0 % signalStrength: 32 
DEBUG 2011-08-24 21:27:44,902 (net.sf.fhz4j.FhzParser.parse:267) - housecode: 7784, command: valve, description: same 0xa, value: 0,0 % signalStrength: -22 
DEBUG 2011-08-24 21:27:46,064 (net.sf.fhz4j.FhzParser.parse:267) - housecode: 7784, command: measured high, description: from FHT-B data register, value: 25,0 °C signalStrength: -22 
DEBUG 2011-08-24 21:27:46,586 (net.sf.fhz4j.FhzParser.parse:267) - housecode: 7784, command: measured high, description: from FHT-B data register, value: 25,0 °C signalStrength: -22 
DEBUG 2011-08-24 21:27:59,171 (net.sf.fhz4j.FhzParser.parse:267) - housecode: 3339, command: valve, description: same 0xa, value: 0,0 % signalStrength: -10 
DEBUG 2011-08-24 21:28:00,047 (net.sf.fhz4j.FhzParser.parse:267) - housecode: 3339, command: measured low, description: from FHT-B data register, value: 0,3 °C signalStrength: -10 
DEBUG 2011-08-24 21:28:00,316 (net.sf.fhz4j.FhzParser.parse:267) - housecode: 3339, command: measured high, description: from FHT-B data register, value: 25,0 °C signalStrength: -10 
DEBUG 2011-08-24 21:28:00,858 (net.sf.fhz4j.FhzParser.parse:267) - housecode: 3339, command: warnings, description: from FHT-B data register, value: 0  signalStrength: -10 
DEBUG 2011-08-24 21:28:12,839 (net.sf.fhz4j.FhzParser.parse:267) - housecode: 7149, command: valve, description: same 0xa, value: 0,0 % signalStrength: -21 
DEBUG 2011-08-24 21:28:20,017 (net.sf.fhz4j.FhzParser.parse:267) - housecode: 5510, command: valve, description: same 0xa, value: 0,0 % signalStrength: 15 
DEBUG 2011-08-24 21:28:31,972 (net.sf.fhz4j.FhzParser.parse:267) - housecode: 9752, command: valve, description: same 0xa, value: 0,0 % signalStrength: -13 
DEBUG 2011-08-24 21:29:11,404 (net.sf.fhz4j.FhzParser.parse:267) - housecode: 0821, command: valve, description: same 0xa, value: 0,0 % signalStrength: -24 
DEBUG 2011-08-24 21:29:33,108 (net.sf.fhz4j.FhzParser.parse:267) - housecode: 6794, command: valve, description: same 0xa, value: 0,0 % signalStrength: 32 
DEBUG 2011-08-24 21:29:41,905 (net.sf.fhz4j.FhzParser.parse:267) - housecode: 7784, command: valve, description: same 0xa, value: 0,0 % signalStrength: -22 
DEBUG 2011-08-24 21:29:57,674 (net.sf.fhz4j.FhzParser.parse:267) - housecode: 3339, command: valve, description: same 0xa, value: 0,0 % signalStrength: -10 
DEBUG 2011-08-24 21:30:08,338 (net.sf.fhz4j.FhzParser.parse:267) - housecode: 7149, command: valve, description: same 0xa, value: 0,0 % signalStrength: -21 
DEBUG 2011-08-24 21:30:16,019 (net.sf.fhz4j.FhzParser.parse:267) - housecode: 5510, command: valve, description: same 0xa, value: 0,0 % signalStrength: 15 
DEBUG 2011-08-24 21:30:28,973 (net.sf.fhz4j.FhzParser.parse:267) - housecode: 9752, command: valve, description: same 0xa, value: 0,0 % signalStrength: -13 
DEBUG 2011-08-24 21:31:08,906 (net.sf.fhz4j.FhzParser.parse:267) - housecode: 0821, command: valve, description: same 0xa, value: 0,0 % signalStrength: -25 
DEBUG 2011-08-24 21:31:31,111 (net.sf.fhz4j.FhzParser.parse:267) - housecode: 6794, command: valve, description: same 0xa, value: 0,0 % signalStrength: 32 
DEBUG 2011-08-24 21:31:31,739 (net.sf.fhz4j.FhzParser.parse:267) - housecode: 6794, command: measured low, description: from FHT-B data register, value: 0,0 °C signalStrength: 32 
DEBUG 2011-08-24 21:31:38,908 (net.sf.fhz4j.FhzParser.parse:267) - housecode: 7784, command: valve, description: same 0xa, value: 0,0 % signalStrength: -23 
DEBUG 2011-08-24 21:31:56,176 (net.sf.fhz4j.FhzParser.parse:267) - housecode: 3339, command: valve, description: same 0xa, value: 0,0 % signalStrength: -10 
DEBUG 2011-08-24 21:32:03,841 (net.sf.fhz4j.FhzParser.parse:267) - housecode: 7149, command: valve, description: same 0xa, value: 0,0 % signalStrength: -22 
INFO  2011-08-24 21:32:04,464 (net.sf.fhz4j.FhzParser.parse:240) - HMS DONE: H775800580262F2 HEX: 483737353830303538303236324632 
DEBUG 2011-08-24 21:32:04,465 (net.sf.fhz4j.FhzParser.parse:269) - H775800580262F2 HEX: 483737353830303538303236324632 
DEBUG 2011-08-24 21:32:12,021 (net.sf.fhz4j.FhzParser.parse:267) - housecode: 5510, command: valve, description: same 0xa, value: 0,0 % signalStrength: 15 
DEBUG 2011-08-24 21:32:25,977 (net.sf.fhz4j.FhzParser.parse:267) - housecode: 9752, command: valve, description: same 0xa, value: 0,0 % signalStrength: -13 
DEBUG 2011-08-24 21:33:06,409 (net.sf.fhz4j.FhzParser.parse:267) - housecode: 0821, command: valve, description: same 0xa, value: 0,0 % signalStrength: -24 
DEBUG 2011-08-24 21:33:29,113 (net.sf.fhz4j.FhzParser.parse:267) - housecode: 6794, command: valve, description: same 0xa, value: 0,0 % signalStrength: 32 
DEBUG 2011-08-24 21:33:54,679 (net.sf.fhz4j.FhzParser.parse:267) - housecode: 3339, command: valve, description: same 0xa, value: 0,0 % signalStrength: -10 
DEBUG 2011-08-24 21:33:59,345 (net.sf.fhz4j.FhzParser.parse:267) - housecode: 7149, command: valve, description: same 0xa, value: 0,0 % signalStrength: -21 
DEBUG 2011-08-24 21:34:05,058 (net.sf.fhz4j.FhzParser.parse:267) - housecode: 7149, command: measured low, description: from FHT-B data register, value: 1,0 °C signalStrength: -21 
DEBUG 2011-08-24 21:34:05,875 (net.sf.fhz4j.FhzParser.parse:267) - housecode: 7149, command: warnings, description: from FHT-B data register, value: 0  signalStrength: -22 
DEBUG 2011-08-24 21:34:06,395 (net.sf.fhz4j.FhzParser.parse:267) - housecode: 7149, command: warnings, description: from FHT-B data register, value: 0  signalStrength: -21 
DEBUG 2011-08-24 21:34:08,023 (net.sf.fhz4j.FhzParser.parse:267) - housecode: 5510, command: valve, description: same 0xa, value: 0,0 % signalStrength: 15 
DEBUG 2011-08-24 21:34:22,979 (net.sf.fhz4j.FhzParser.parse:267) - housecode: 9752, command: valve, description: same 0xa, value: 0,0 % signalStrength: -14 
DEBUG 2011-08-24 21:35:03,911 (net.sf.fhz4j.FhzParser.parse:267) - housecode: 0821, command: valve, description: same 0xa, value: 0,0 % signalStrength: -24 
DEBUG 2011-08-24 21:35:27,115 (net.sf.fhz4j.FhzParser.parse:267) - housecode: 6794, command: valve, description: same 0xa, value: 0,0 % signalStrength: 32 
DEBUG 2011-08-24 21:35:32,913 (net.sf.fhz4j.FhzParser.parse:267) - housecode: 7784, command: valve, description: same 0xa, value: 0,0 % signalStrength: -20 
DEBUG 2011-08-24 21:35:53,182 (net.sf.fhz4j.FhzParser.parse:267) - housecode: 3339, command: valve, description: same 0xa, value: 0,0 % signalStrength: -10 
DEBUG 2011-08-24 21:35:54,845 (net.sf.fhz4j.FhzParser.parse:267) - housecode: 7149, command: valve, description: same 0xa, value: 0,0 % signalStrength: -22 
DEBUG 2011-08-24 21:36:04,025 (net.sf.fhz4j.FhzParser.parse:267) - housecode: 5510, command: valve, description: same 0xa, value: 0,0 % signalStrength: 15 
DEBUG 2011-08-24 21:36:19,981 (net.sf.fhz4j.FhzParser.parse:267) - housecode: 9752, command: valve, description: same 0xa, value: 0,0 % signalStrength: -13 
DEBUG 2011-08-24 21:36:53,231 (net.sf.fhz4j.FhzParser.parse:267) - housecode: 9752, command: measured low, description: from FHT-B data register, value: 25,5 °C signalStrength: -13 
DEBUG 2011-08-24 21:36:53,512 (net.sf.fhz4j.FhzParser.parse:267) - housecode: 9752, command: measured high, description: from FHT-B data register, value: 0,0 °C signalStrength: -13 
DEBUG 2011-08-24 21:36:54,065 (net.sf.fhz4j.FhzParser.parse:267) - housecode: 9752, command: warnings, description: from FHT-B data register, value: 0  signalStrength: -13 
DEBUG 2011-08-24 21:37:01,413 (net.sf.fhz4j.FhzParser.parse:267) - housecode: 0821, command: valve, description: same 0xa, value: 0,0 % signalStrength: -24 
INFO  2011-08-24 21:37:17,482 (net.sf.fhz4j.FhzParser.parse:240) - HMS DONE: H775800582262F2 HEX: 483737353830303538323236324632 
DEBUG 2011-08-24 21:37:17,482 (net.sf.fhz4j.FhzParser.parse:269) - H775800582262F2 HEX: 483737353830303538323236324632 
DEBUG 2011-08-24 21:37:25,118 (net.sf.fhz4j.FhzParser.parse:267) - housecode: 6794, command: valve, description: same 0xa, value: 0,0 % signalStrength: 32 
DEBUG 2011-08-24 21:37:29,915 (net.sf.fhz4j.FhzParser.parse:267) - housecode: 7784, command: valve, description: same 0xa, value: 0,0 % signalStrength: -22 
DEBUG 2011-08-24 21:37:50,347 (net.sf.fhz4j.FhzParser.parse:267) - housecode: 7149, command: valve, description: same 0xa, value: 0,0 % signalStrength: -22 
DEBUG 2011-08-24 21:37:51,684 (net.sf.fhz4j.FhzParser.parse:267) - housecode: 3339, command: valve, description: same 0xa, value: 0,0 % signalStrength: -10 
DEBUG 2011-08-24 21:38:00,028 (net.sf.fhz4j.FhzParser.parse:267) - housecode: 5510, command: valve, description: same 0xa, value: 0,0 % signalStrength: 15 
DEBUG 2011-08-24 21:38:16,983 (net.sf.fhz4j.FhzParser.parse:267) - housecode: 9752, command: valve, description: same 0xa, value: 0,0 % signalStrength: -13 
DEBUG 2011-08-24 21:38:58,985 (net.sf.fhz4j.FhzParser.parse:267) - housecode: 0821, command: valve, description: same 0xa, value: 0,0 % signalStrength: -24 
DEBUG 2011-08-24 21:38:59,529 (net.sf.fhz4j.FhzParser.parse:267) - housecode: 0821, command: measured low, description: from FHT-B data register, value: 0,4 °C signalStrength: -25 
DEBUG 2011-08-24 21:39:00,356 (net.sf.fhz4j.FhzParser.parse:267) - housecode: 0821, command: warnings, description: from FHT-B data register, value: 0  signalStrength: -24 
DEBUG 2011-08-24 21:39:23,120 (net.sf.fhz4j.FhzParser.parse:267) - housecode: 6794, command: valve, description: same 0xa, value: 0,0 % signalStrength: 32 
DEBUG 2011-08-24 21:39:26,919 (net.sf.fhz4j.FhzParser.parse:267) - housecode: 7784, command: valve, description: same 0xa, value: 0,0 % signalStrength: -22 
DEBUG 2011-08-24 21:39:45,852 (net.sf.fhz4j.FhzParser.parse:267) - housecode: 7149, command: valve, description: same 0xa, value: 0,0 % signalStrength: -20 
DEBUG 2011-08-24 21:39:50,187 (net.sf.fhz4j.FhzParser.parse:267) - housecode: 3339, command: valve, description: same 0xa, value: 0,0 % signalStrength: -9 
DEBUG 2011-08-24 21:39:56,030 (net.sf.fhz4j.FhzParser.parse:267) - housecode: 5510, command: valve, description: same 0xa, value: 0,0 % signalStrength: 15 
DEBUG 2011-08-24 21:40:13,986 (net.sf.fhz4j.FhzParser.parse:267) - housecode: 9752, command: valve, description: same 0xa, value: 0,0 % signalStrength: -13 
DEBUG 2011-08-24 21:40:56,417 (net.sf.fhz4j.FhzParser.parse:267) - housecode: 0821, command: valve, description: same 0xa, value: 0,0 % signalStrength: -24 
DEBUG 2011-08-24 21:41:21,123 (net.sf.fhz4j.FhzParser.parse:267) - housecode: 6794, command: valve, description: same 0xa, value: 0,0 % signalStrength: 32 
DEBUG 2011-08-24 21:41:21,755 (net.sf.fhz4j.FhzParser.parse:267) - housecode: 6794, command: measured low, description: from FHT-B data register, value: 25,5 °C signalStrength: 33 
DEBUG 2011-08-24 21:41:22,036 (net.sf.fhz4j.FhzParser.parse:267) - housecode: 6794, command: measured high, description: from FHT-B data register, value: 0,0 °C signalStrength: 31 
DEBUG 2011-08-24 21:41:22,602 (net.sf.fhz4j.FhzParser.parse:267) - housecode: 6794, command: warnings, description: from FHT-B data register, value: 0  signalStrength: 31 
DEBUG 2011-08-24 21:41:23,921 (net.sf.fhz4j.FhzParser.parse:267) - housecode: 7784, command: valve, description: same 0xa, value: 0,0 % signalStrength: -23 
DEBUG 2011-08-24 21:41:41,352 (net.sf.fhz4j.FhzParser.parse:267) - housecode: 7149, command: valve, description: same 0xa, value: 0,0 % signalStrength: -22 
DEBUG 2011-08-24 21:41:48,690 (net.sf.fhz4j.FhzParser.parse:267) - housecode: 3339, command: valve, description: same 0xa, value: 0,0 % signalStrength: -9 
DEBUG 2011-08-24 21:41:52,103 (net.sf.fhz4j.FhzParser.parse:267) - housecode: 5510, command: valve, description: same 0xa, value: 0,0 % signalStrength: 15 
DEBUG 2011-08-24 21:42:10,988 (net.sf.fhz4j.FhzParser.parse:267) - housecode: 9752, command: valve, description: same 0xa, value: 0,0 % signalStrength: -13 
INFO  2011-08-24 21:42:30,500 (net.sf.fhz4j.FhzParser.parse:240) - HMS DONE: H775800577262F3 HEX: 483737353830303537373236324633 
DEBUG 2011-08-24 21:42:30,500 (net.sf.fhz4j.FhzParser.parse:269) - H775800577262F3 HEX: 483737353830303537373236324633 
DEBUG 2011-08-24 21:42:53,919 (net.sf.fhz4j.FhzParser.parse:267) - housecode: 0821, command: valve, description: same 0xa, value: 0,0 % signalStrength: -24 
DEBUG 2011-08-24 21:43:19,125 (net.sf.fhz4j.FhzParser.parse:267) - housecode: 6794, command: valve, description: same 0xa, value: 0,0 % signalStrength: 32 
DEBUG 2011-08-24 21:43:20,923 (net.sf.fhz4j.FhzParser.parse:267) - housecode: 7784, command: valve, description: same 0xa, value: 0,0 % signalStrength: -22 
DEBUG 2011-08-24 21:43:36,857 (net.sf.fhz4j.FhzParser.parse:267) - housecode: 7149, command: valve, description: same 0xa, value: 0,0 % signalStrength: -21 
DEBUG 2011-08-24 21:43:47,262 (net.sf.fhz4j.FhzParser.parse:267) - housecode: 3339, command: valve, description: same 0xa, value: 0,0 % signalStrength: -10 
DEBUG 2011-08-24 21:43:47,803 (net.sf.fhz4j.FhzParser.parse:267) - housecode: 3339, command: measured low, description: from FHT-B data register, value: 0,1 °C signalStrength: -11 
DEBUG 2011-08-24 21:43:48,034 (net.sf.fhz4j.FhzParser.parse:267) - housecode: 5510, command: valve, description: same 0xa, value: 0,0 % signalStrength: 15 
DEBUG 2011-08-24 21:44:07,990 (net.sf.fhz4j.FhzParser.parse:267) - housecode: 9752, command: valve, description: same 0xa, value: 0,0 % signalStrength: -13 
DEBUG 2011-08-24 21:44:51,421 (net.sf.fhz4j.FhzParser.parse:267) - housecode: 0821, command: valve, description: same 0xa, value: 0,0 % signalStrength: -25 
DEBUG 2011-08-24 21:45:17,128 (net.sf.fhz4j.FhzParser.parse:267) - housecode: 6794, command: valve, description: same 0xa, value: 0,0 % signalStrength: 32 
DEBUG 2011-08-24 21:45:17,926 (net.sf.fhz4j.FhzParser.parse:267) - housecode: 7784, command: valve, description: same 0xa, value: 0,0 % signalStrength: -21 
DEBUG 2011-08-24 21:45:32,432 (net.sf.fhz4j.FhzParser.parse:267) - housecode: 7149, command: valve, description: same 0xa, value: 0,0 % signalStrength: -21 
DEBUG 2011-08-24 21:45:44,037 (net.sf.fhz4j.FhzParser.parse:267) - housecode: 5510, command: valve, description: same 0xa, value: 0,0 % signalStrength: 15 
DEBUG 2011-08-24 21:45:45,695 (net.sf.fhz4j.FhzParser.parse:267) - housecode: 3339, command: valve, description: same 0xa, value: 0,0 % signalStrength: -10 
DEBUG 2011-08-24 21:46:04,992 (net.sf.fhz4j.FhzParser.parse:267) - housecode: 9752, command: valve, description: same 0xa, value: 0,0 % signalStrength: -13 
DEBUG 2011-08-24 21:46:48,923 (net.sf.fhz4j.FhzParser.parse:267) - housecode: 0821, command: valve, description: same 0xa, value: 0,0 % signalStrength: -24 
DEBUG 2011-08-24 21:47:14,928 (net.sf.fhz4j.FhzParser.parse:267) - housecode: 7784, command: valve, description: same 0xa, value: 0,0 % signalStrength: -22 
DEBUG 2011-08-24 21:47:15,129 (net.sf.fhz4j.FhzParser.parse:267) - housecode: 6794, command: valve, description: same 0xa, value: 0,0 % signalStrength: 31 
DEBUG 2011-08-24 21:47:27,858 (net.sf.fhz4j.FhzParser.parse:267) - housecode: 7149, command: valve, description: same 0xa, value: 0,0 % signalStrength: -21 
DEBUG 2011-08-24 21:47:40,952 (net.sf.fhz4j.FhzParser.parse:267) - housecode: 5510, command: measured high, description: from FHT-B data register, value: 25,0 °C signalStrength: 15 
DEBUG 2011-08-24 21:47:41,494 (net.sf.fhz4j.FhzParser.parse:267) - housecode: 5510, command: warnings, description: from FHT-B data register, value: 0  signalStrength: 14 
DEBUG 2011-08-24 21:47:44,197 (net.sf.fhz4j.FhzParser.parse:267) - housecode: 3339, command: valve, description: same 0xa, value: 0,0 % signalStrength: -10 
DEBUG 2011-08-24 21:48:01,994 (net.sf.fhz4j.FhzParser.parse:267) - housecode: 9752, command: valve, description: same 0xa, value: 0,0 % signalStrength: -13 
DEBUG 2011-08-24 21:48:46,426 (net.sf.fhz4j.FhzParser.parse:267) - housecode: 0821, command: valve, description: same 0xa, value: 0,0 % signalStrength: -25 
DEBUG 2011-08-24 21:49:11,931 (net.sf.fhz4j.FhzParser.parse:267) - housecode: 7784, command: valve, description: same 0xa, value: 0,0 % signalStrength: -20 
DEBUG 2011-08-24 21:49:13,132 (net.sf.fhz4j.FhzParser.parse:267) - housecode: 6794, command: valve, description: same 0xa, value: 0,0 % signalStrength: 31 
DEBUG 2011-08-24 21:49:13,764 (net.sf.fhz4j.FhzParser.parse:267) - housecode: 6794, command: measured low, description: from FHT-B data register, value: 25,4 °C signalStrength: 32 
DEBUG 2011-08-24 21:49:14,575 (net.sf.fhz4j.FhzParser.parse:267) - housecode: 6794, command: measured high, description: from FHT-B data register, value: 0,0 °C signalStrength: 32 
DEBUG 2011-08-24 21:49:15,669 (net.sf.fhz4j.FhzParser.parse:267) - housecode: 6794, command: warnings, description: from FHT-B data register, value: 0  signalStrength: 32 
DEBUG 2011-08-24 21:49:23,363 (net.sf.fhz4j.FhzParser.parse:267) - housecode: 7149, command: valve, description: same 0xa, value: 0,0 % signalStrength: -21 
DEBUG 2011-08-24 21:49:36,041 (net.sf.fhz4j.FhzParser.parse:267) - housecode: 5510, command: valve, description: same 0xa, value: 0,0 % signalStrength: 15 
DEBUG 2011-08-24 21:49:42,700 (net.sf.fhz4j.FhzParser.parse:267) - housecode: 3339, command: valve, description: same 0xa, value: 0,0 % signalStrength: -10 
DEBUG 2011-08-24 21:50:05,076 (net.sf.fhz4j.FhzParser.parse:267) - housecode: 7149, command: measured low, description: from FHT-B data register, value: 0,9 °C signalStrength: -20 
DEBUG 2011-08-24 21:50:05,349 (net.sf.fhz4j.FhzParser.parse:267) - housecode: 7149, command: measured high, description: from FHT-B data register, value: 25,0 °C signalStrength: -21 
DEBUG 2011-08-24 21:50:06,422 (net.sf.fhz4j.FhzParser.parse:267) - housecode: 7149, command: warnings, description: from FHT-B data register, value: 0  signalStrength: -21 
DEBUG 2011-08-24 21:50:43,928 (net.sf.fhz4j.FhzParser.parse:267) - housecode: 0821, command: valve, description: same 0xa, value: 0,0 % signalStrength: -22 
DEBUG 2011-08-24 21:51:08,934 (net.sf.fhz4j.FhzParser.parse:267) - housecode: 7784, command: valve, description: same 0xa, value: 0,0 % signalStrength: -21 
DEBUG 2011-08-24 21:51:11,135 (net.sf.fhz4j.FhzParser.parse:267) - housecode: 6794, command: valve, description: same 0xa, value: 0,0 % signalStrength: 32 
DEBUG 2011-08-24 21:51:18,863 (net.sf.fhz4j.FhzParser.parse:267) - housecode: 7149, command: valve, description: same 0xa, value: 0,0 % signalStrength: -21 
DEBUG 2011-08-24 21:51:32,045 (net.sf.fhz4j.FhzParser.parse:267) - housecode: 5510, command: valve, description: same 0xa, value: 0,0 % signalStrength: 15 
DEBUG 2011-08-24 21:51:41,203 (net.sf.fhz4j.FhzParser.parse:267) - housecode: 3339, command: valve, description: same 0xa, value: 0,0 % signalStrength: -10 
DEBUG 2011-08-24 21:51:56,070 (net.sf.fhz4j.FhzParser.parse:267) - housecode: 9752, command: valve, description: same 0xa, value: 0,0 % signalStrength: -13 
DEBUG 2011-08-24 21:52:41,430 (net.sf.fhz4j.FhzParser.parse:267) - housecode: 0821, command: valve, description: same 0xa, value: 0,0 % signalStrength: -23 
DEBUG 2011-08-24 21:53:05,936 (net.sf.fhz4j.FhzParser.parse:267) - housecode: 7784, command: valve, description: same 0xa, value: 0,0 % signalStrength: -21 
DEBUG 2011-08-24 21:53:06,565 (net.sf.fhz4j.FhzParser.parse:267) - housecode: 7784, command: measured low, description: from FHT-B data register, value: 25,3 °C signalStrength: -21 
DEBUG 2011-08-24 21:53:06,846 (net.sf.fhz4j.FhzParser.parse:267) - housecode: 7784, command: measured high, description: from FHT-B data register, value: 0,0 °C signalStrength: -22 
DEBUG 2011-08-24 21:53:07,917 (net.sf.fhz4j.FhzParser.parse:267) - housecode: 7784, command: warnings, description: from FHT-B data register, value: 0  signalStrength: -20 
DEBUG 2011-08-24 21:53:09,209 (net.sf.fhz4j.FhzParser.parse:267) - housecode: 6794, command: valve, description: same 0xa, value: 0,0 % signalStrength: 32 
DEBUG 2011-08-24 21:53:14,372 (net.sf.fhz4j.FhzParser.parse:267) - housecode: 7149, command: valve, description: same 0xa, value: 0,0 % signalStrength: -20 
DEBUG 2011-08-24 21:53:28,046 (net.sf.fhz4j.FhzParser.parse:267) - housecode: 5510, command: valve, description: same 0xa, value: 0,0 % signalStrength: 15 
DEBUG 2011-08-24 21:53:39,705 (net.sf.fhz4j.FhzParser.parse:267) - housecode: 3339, command: valve, description: same 0xa, value: 0,0 % signalStrength: -10 
DEBUG 2011-08-24 21:53:53,001 (net.sf.fhz4j.FhzParser.parse:267) - housecode: 9752, command: valve, description: same 0xa, value: 0,0 % signalStrength: -13 
DEBUG 2011-08-24 21:53:53,630 (net.sf.fhz4j.FhzParser.parse:267) - housecode: 9752, command: measured low, description: from FHT-B data register, value: 25,4 °C signalStrength: -13 
DEBUG 2011-08-24 21:53:53,912 (net.sf.fhz4j.FhzParser.parse:267) - housecode: 9752, command: measured high, description: from FHT-B data register, value: 0,0 °C signalStrength: -12 
DEBUG 2011-08-24 21:54:38,932 (net.sf.fhz4j.FhzParser.parse:267) - housecode: 0821, command: valve, description: same 0xa, value: 0,0 % signalStrength: -24 
DEBUG 2011-08-24 21:54:39,812 (net.sf.fhz4j.FhzParser.parse:267) - housecode: 0821, command: measured low, description: from FHT-B data register, value: 0,3 °C signalStrength: -24 
DEBUG 2011-08-24 21:55:02,939 (net.sf.fhz4j.FhzParser.parse:267) - housecode: 7784, command: valve, description: same 0xa, value: 0,0 % signalStrength: -21 
DEBUG 2011-08-24 21:55:07,138 (net.sf.fhz4j.FhzParser.parse:267) - housecode: 6794, command: valve, description: same 0xa, value: 0,0 % signalStrength: 31 
DEBUG 2011-08-24 21:55:09,871 (net.sf.fhz4j.FhzParser.parse:267) - housecode: 7149, command: valve, description: same 0xa, value: 0,0 % signalStrength: -21 
DEBUG 2011-08-24 21:55:24,048 (net.sf.fhz4j.FhzParser.parse:267) - housecode: 5510, command: valve, description: same 0xa, value: 0,0 % signalStrength: 15 
DEBUG 2011-08-24 21:55:38,208 (net.sf.fhz4j.FhzParser.parse:267) - housecode: 3339, command: valve, description: same 0xa, value: 0,0 % signalStrength: -10 
DEBUG 2011-08-24 21:55:50,003 (net.sf.fhz4j.FhzParser.parse:267) - housecode: 9752, command: valve, description: same 0xa, value: 0,0 % signalStrength: -12 
DEBUG 2011-08-24 21:56:36,434 (net.sf.fhz4j.FhzParser.parse:267) - housecode: 0821, command: valve, description: same 0xa, value: 0,0 % signalStrength: -23 
DEBUG 2011-08-24 21:56:59,941 (net.sf.fhz4j.FhzParser.parse:267) - housecode: 7784, command: valve, description: same 0xa, value: 0,0 % signalStrength: -22 
DEBUG 2011-08-24 21:57:05,142 (net.sf.fhz4j.FhzParser.parse:267) - housecode: 6794, command: valve, description: same 0xa, value: 0,0 % signalStrength: 32 
DEBUG 2011-08-24 21:57:20,050 (net.sf.fhz4j.FhzParser.parse:267) - housecode: 5510, command: valve, description: same 0xa, value: 0,0 % signalStrength: 15 
DEBUG 2011-08-24 21:57:36,711 (net.sf.fhz4j.FhzParser.parse:267) - housecode: 3339, command: valve, description: same 0xa, value: 0,0 % signalStrength: -10 
DEBUG 2011-08-24 21:57:47,005 (net.sf.fhz4j.FhzParser.parse:267) - housecode: 9752, command: valve, description: same 0xa, value: 0,0 % signalStrength: -13 
INFO  2011-08-24 21:58:09,552 (net.sf.fhz4j.FhzParser.parse:240) - HMS DONE: H775800571263F3 HEX: 483737353830303537313236334633 
DEBUG 2011-08-24 21:58:09,553 (net.sf.fhz4j.FhzParser.parse:269) - H775800571263F3 HEX: 483737353830303537313236334633 
DEBUG 2011-08-24 21:58:33,936 (net.sf.fhz4j.FhzParser.parse:267) - housecode: 0821, command: valve, description: same 0xa, value: 0,0 % signalStrength: -23 
DEBUG 2011-08-24 21:58:56,944 (net.sf.fhz4j.FhzParser.parse:267) - housecode: 7784, command: valve, description: same 0xa, value: 0,0 % signalStrength: -22 
DEBUG 2011-08-24 21:59:00,872 (net.sf.fhz4j.FhzParser.parse:267) - housecode: 7149, command: valve, description: same 0xa, value: 0,0 % signalStrength: -21 
DEBUG 2011-08-24 21:59:03,144 (net.sf.fhz4j.FhzParser.parse:267) - housecode: 6794, command: valve, description: same 0xa, value: 0,0 % signalStrength: 32 
DEBUG 2011-08-24 21:59:16,053 (net.sf.fhz4j.FhzParser.parse:267) - housecode: 5510, command: valve, description: same 0xa, value: 0,0 % signalStrength: 15 
DEBUG 2011-08-24 21:59:18,777 (net.sf.fhz4j.FhzParser.parse:267) - housecode: 5510, command: measured low, description: from FHT-B data register, value: 25,5 °C signalStrength: 15 
DEBUG 2011-08-24 21:59:19,058 (net.sf.fhz4j.FhzParser.parse:267) - housecode: 5510, command: measured high, description: from FHT-B data register, value: 0,0 °C signalStrength: 15 
DEBUG 2011-08-24 21:59:35,213 (net.sf.fhz4j.FhzParser.parse:267) - housecode: 3339, command: valve, description: same 0xa, value: 0,0 % signalStrength: -10 
DEBUG 2011-08-24 21:59:35,825 (net.sf.fhz4j.FhzParser.parse:267) - housecode: 3339, command: measured low, description: from FHT-B data register, value: 0,1 °C signalStrength: -11 
DEBUG 2011-08-24 21:59:36,095 (net.sf.fhz4j.FhzParser.parse:267) - housecode: 3339, command: measured high, description: from FHT-B data register, value: 25,0 °C signalStrength: -10 
DEBUG 2011-08-24 21:59:36,636 (net.sf.fhz4j.FhzParser.parse:267) - housecode: 3339, command: warnings, description: from FHT-B data register, value: 0  signalStrength: -10 
DEBUG 2011-08-24 21:59:44,008 (net.sf.fhz4j.FhzParser.parse:267) - housecode: 9752, command: valve, description: same 0xa, value: 0,0 % signalStrength: -13 
DEBUG 2011-08-24 22:00:31,438 (net.sf.fhz4j.FhzParser.parse:267) - housecode: 0821, command: valve, description: same 0xa, value: 0,0 % signalStrength: -18 
DEBUG 2011-08-24 22:00:53,946 (net.sf.fhz4j.FhzParser.parse:267) - housecode: 7784, command: valve, description: same 0xa, value: 0,0 % signalStrength: -23 
DEBUG 2011-08-24 22:00:56,372 (net.sf.fhz4j.FhzParser.parse:267) - housecode: 7149, command: valve, description: same 0xa, value: 0,0 % signalStrength: -22 
DEBUG 2011-08-24 22:01:01,146 (net.sf.fhz4j.FhzParser.parse:267) - housecode: 6794, command: valve, description: same 0xa, value: 0,0 % signalStrength: 23 
DEBUG 2011-08-24 22:01:12,127 (net.sf.fhz4j.FhzParser.parse:267) - housecode: 5510, command: valve, description: same 0xa, value: 0,0 % signalStrength: 4 
DEBUG 2011-08-24 22:01:12,686 (net.sf.fhz4j.FhzParser.parse:267) - housecode: 5510, command: measured low, description: from FHT-B data register, value: 25,4 °C signalStrength: 4 
DEBUG 2011-08-24 22:01:12,967 (net.sf.fhz4j.FhzParser.parse:267) - housecode: 5510, command: measured high, description: from FHT-B data register, value: 0,0 °C signalStrength: 4 
DEBUG 2011-08-24 22:01:13,513 (net.sf.fhz4j.FhzParser.parse:267) - housecode: 5510, command: warnings, description: from FHT-B data register, value: 0  signalStrength: 4 
DEBUG 2011-08-24 22:01:33,716 (net.sf.fhz4j.FhzParser.parse:267) - housecode: 3339, command: valve, description: same 0xa, value: 0,0 % signalStrength: -28 
DEBUG 2011-08-24 22:01:41,009 (net.sf.fhz4j.FhzParser.parse:267) - housecode: 9752, command: valve, description: same 0xa, value: 0,0 % signalStrength: -11 
DEBUG 2011-08-24 22:02:28,940 (net.sf.fhz4j.FhzParser.parse:267) - housecode: 0821, command: valve, description: same 0xa, value: 0,0 % signalStrength: -19 
DEBUG 2011-08-24 22:02:50,948 (net.sf.fhz4j.FhzParser.parse:267) - housecode: 7784, command: valve, description: same 0xa, value: 0,0 % signalStrength: -25 
DEBUG 2011-08-24 22:02:51,878 (net.sf.fhz4j.FhzParser.parse:267) - housecode: 7149, command: valve, description: same 0xa, value: 0,0 % signalStrength: -21 
DEBUG 2011-08-24 22:02:52,504 (net.sf.fhz4j.FhzParser.parse:267) - housecode: 7149, command: measured low, description: from FHT-B data register, value: 0,8 °C signalStrength: -22 
DEBUG 2011-08-24 22:02:53,848 (net.sf.fhz4j.FhzParser.parse:267) - housecode: 7149, command: warnings, description: from FHT-B data register, value: 0  signalStrength: -21 
DEBUG 2011-08-24 22:02:59,148 (net.sf.fhz4j.FhzParser.parse:267) - housecode: 6794, command: valve, description: same 0xa, value: 0,0 % signalStrength: 23 
DEBUG 2011-08-24 22:03:08,058 (net.sf.fhz4j.FhzParser.parse:267) - housecode: 5510, command: valve, description: same 0xa, value: 0,0 % signalStrength: -4 
DEBUG 2011-08-24 22:03:32,219 (net.sf.fhz4j.FhzParser.parse:267) - housecode: 3339, command: valve, description: same 0xa, value: 0,0 % signalStrength: -27 
DEBUG 2011-08-24 22:03:38,010 (net.sf.fhz4j.FhzParser.parse:267) - housecode: 9752, command: valve, description: same 0xa, value: 0,0 % signalStrength: -11 
